<?xml version="1.0" encoding="UTF-8"?>
<testsuite xmlns:xsi="http://www.w3.org/2001/XMLSchema-instance" xsi:noNamespaceSchemaLocation="https://maven.apache.org/surefire/maven-surefire-plugin/xsd/surefire-test-report.xsd" version="3.0.2" name="com.hospedagem.test.DisponibilidadeRepositoryTest" time="4.763" tests="2" errors="0" skipped="0" failures="0">
  <properties>
[...]
</properties>
  <testcase name="aluguelCanceladoNaoBloqueiaDisponibilidade" classname="com.hospedagem.test.DisponibilidadeRepositoryTest" time="0.488">
    <system-out><![CDATA[16:06:02.102 [main] INFO org.springframework.test.context.support.AnnotationConfigContextLoaderUtils -- Could not detect default configuration classes for test class [com.hospedagem.test.DisponibilidadeRepositoryTest]: DisponibilidadeRepositoryTest does not declare any static, non-private, non-final, nested classes annotated with @Configuration.
16:06:02.242 [main] INFO org.springframework.boot.test.context.SpringBootTestContextBootstrapper -- Found @SpringBootConfiguration com.hospedagem.SistemaHospedagemApplication for test class com.hospedagem.test.DisponibilidadeRepositoryTest

  .   ____          _            __ _ _
 /\\ / ___'_ __ _ _(_)_ __  __ _ \ \ \ \
( ( )\___ | '_ | '_| | '_ \/ _` | \ \ \ \
 \\/  ___)| |_)| | | | | || (_| |  ) ) ) )
  '  |____| .__|_| |_|_| |_\__, | / / / /
 =========|_|==============|___/=/_/_/_/

 :: Spring Boot ::                (v3.5.0)

2026-07-01T16:06:02.590-03:00  INFO 25296 --- [sistema-hospedagem] [           main] c.h.test.DisponibilidadeRepositoryTest   : Starting DisponibilidadeRepositoryTest using Java 25.0.1 with PID 25296 (started by andre in C:\Users\andre\Documents\Codex\2026-07-01\fa\outputs\SERA\trabalho-pratico-hospedagem-final)
2026-07-01T16:06:02.591-03:00  INFO 25296 --- [sistema-hospedagem] [           main] c.h.test.DisponibilidadeRepositoryTest   : No active profile set, falling back to 1 default profile: "default"
2026-07-01T16:06:02.991-03:00  INFO 25296 --- [sistema-hospedagem] [           main] .s.d.r.c.RepositoryConfigurationDelegate : Bootstrapping Spring Data JPA repositories in DEFAULT mode.
2026-07-01T16:06:03.055-03:00  INFO 25296 --- [sistema-hospedagem] [           main] .s.d.r.c.RepositoryConfigurationDelegate : Finished Spring Data repository scanning in 53 ms. Found 4 JPA repository interfaces.
2026-07-01T16:06:03.109-03:00  INFO 25296 --- [sistema-hospedagem] [           main] beddedDataSourceBeanFactoryPostProcessor : Replacing 'dataSource' DataSource bean with embedded version
2026-07-01T16:06:03.251-03:00  INFO 25296 --- [sistema-hospedagem] [           main] o.s.j.d.e.EmbeddedDatabaseFactory        : Starting embedded database: url='jdbc:h2:mem:9893a7b4-abf1-4b15-8883-eaa62ea0e6fc;DB_CLOSE_DELAY=-1;DB_CLOSE_ON_EXIT=false', username='sa'
2026-07-01T16:06:03.560-03:00  INFO 25296 --- [sistema-hospedagem] [           main] o.hibernate.jpa.internal.util.LogHelper  : HHH000204: Processing PersistenceUnitInfo [name: default]
2026-07-01T16:06:03.631-03:00  INFO 25296 --- [sistema-hospedagem] [           main] org.hibernate.Version                    : HHH000412: Hibernate ORM core version 6.6.15.Final
2026-07-01T16:06:03.673-03:00  INFO 25296 --- [sistema-hospedagem] [           main] o.h.c.internal.RegionFactoryInitiator    : HHH000026: Second-level cache disabled
2026-07-01T16:06:03.981-03:00  INFO 25296 --- [sistema-hospedagem] [           main] o.s.o.j.p.SpringPersistenceUnitInfo      : No LoadTimeWeaver setup: ignoring JPA class transformer
2026-07-01T16:06:04.034-03:00  WARN 25296 --- [sistema-hospedagem] [           main] org.hibernate.orm.deprecation            : HHH90000025: H2Dialect does not need to be specified explicitly using 'hibernate.dialect' (remove the property setting and it will be selected by default)
2026-07-01T16:06:04.056-03:00  INFO 25296 --- [sistema-hospedagem] [           main] org.hibernate.orm.connections.pooling    : HHH10001005: Database info:
	Database JDBC URL [Connecting through datasource 'org.springframework.jdbc.datasource.embedded.EmbeddedDatabaseFactory$EmbeddedDataSourceProxy@4466cf5d']
	Database driver: undefined/unknown
	Database version: 2.3.232
	Autocommit mode: undefined/unknown
	Isolation level: undefined/unknown
	Minimum pool size: undefined/unknown
	Maximum pool size: undefined/unknown
2026-07-01T16:06:05.098-03:00  INFO 25296 --- [sistema-hospedagem] [           main] o.h.e.t.j.p.i.JtaPlatformInitiator       : HHH000489: No JTA platform available (set 'hibernate.transaction.jta.platform' to enable JTA platform integration)
Hibernate: create table alugueis (id bigint generated by default as identity, cancelado boolean, data_entrada timestamp(6) not null, data_saida timestamp(6) not null, num_hospedes integer, qtd_diarias integer, reserva_futura boolean, solicitou_berco boolean, valor_final float(53), cliente_id bigint not null, pagamento_id bigint, quarto_id bigint not null, residencia_id bigint not null, primary key (id))
Hibernate: create table clientes (id bigint generated by default as identity, cpf varchar(255) not null, email varchar(255) not null, endereco varchar(255) not null, nome varchar(255) not null, telefone varchar(255) not null, primary key (id))
Hibernate: create table pagamentos (id bigint generated by default as identity, data_pagamento timestamp(6) not null, num_diarias integer not null, valor_total float(53) not null, primary key (id))
Hibernate: create table quartos (tipo_quarto varchar(31) not null, id bigint generated by default as identity, possui_ar boolean, possui_hidro boolean, valor_base float(53) not null, taxa_berco float(53), tipo_cama_casal enum ('CASAL','KING','QUEEN'), ambientes varchar(255), num_camas_casal integer, num_camas_especiais integer, num_camas_solteiro integer, tipo_cama_especial enum ('CASAL','KING','QUEEN'), residencia_id bigint, primary key (id))
Hibernate: create table residencias (id bigint generated by default as identity, bairro varchar(255) not null, cep varchar(255) not null, email varchar(255) not null, endereco varchar(255) not null, numero varchar(255) not null, telefone varchar(255) not null, primary key (id))
Hibernate: alter table if exists alugueis drop constraint if exists UK2k6prf6sa9t42vxmpbmp42bj
Hibernate: alter table if exists alugueis add constraint UK2k6prf6sa9t42vxmpbmp42bj unique (pagamento_id)
Hibernate: alter table if exists clientes drop constraint if exists UK7wflw78ibh162cmq12ii6ffly
Hibernate: alter table if exists clientes add constraint UK7wflw78ibh162cmq12ii6ffly unique (cpf)
Hibernate: alter table if exists alugueis add constraint FK532ifldx409h4qajkn8lvsy8d foreign key (cliente_id) references clientes
Hibernate: alter table if exists alugueis add constraint FK25f0ee432iondaet3l00bdnn0 foreign key (pagamento_id) references pagamentos
Hibernate: alter table if exists alugueis add constraint FK910u1m66ms1eil0bycs7wlnrk foreign key (quarto_id) references quartos
Hibernate: alter table if exists alugueis add constraint FKt2f2qlrxg8scxg10gd4g9gvcl foreign key (residencia_id) references residencias
Hibernate: alter table if exists quartos add constraint FKj9joipqn64nkvp5y7whvj50gd foreign key (residencia_id) references residencias
2026-07-01T16:06:05.170-03:00  INFO 25296 --- [sistema-hospedagem] [           main] j.LocalContainerEntityManagerFactoryBean : Initialized JPA EntityManagerFactory for persistence unit 'default'
2026-07-01T16:06:05.553-03:00  INFO 25296 --- [sistema-hospedagem] [           main] o.s.d.j.r.query.QueryEnhancerFactory     : Hibernate is in classpath; If applicable, HQL parser will be used.
2026-07-01T16:06:06.204-03:00  INFO 25296 --- [sistema-hospedagem] [           main] c.h.test.DisponibilidadeRepositoryTest   : Started DisponibilidadeRepositoryTest in 3.907 seconds (process running for 4.916)
Hibernate: insert into residencias (bairro,cep,email,endereco,numero,telefone,id) values (?,?,?,?,?,?,default)
Hibernate: insert into quartos (possui_ar,possui_hidro,residencia_id,valor_base,num_camas_solteiro,tipo_quarto,id) values (?,?,?,?,?,'INDIVIDUAL',default)
Hibernate: insert into clientes (cpf,email,endereco,nome,telefone,id) values (?,?,?,?,?,default)
Hibernate: insert into alugueis (cancelado,cliente_id,data_entrada,data_saida,num_hospedes,pagamento_id,qtd_diarias,quarto_id,reserva_futura,residencia_id,solicitou_berco,valor_final,id) values (?,?,?,?,?,?,?,?,?,?,?,?,default)
Hibernate: select count(a1_0.id)=0 from alugueis a1_0 where a1_0.quarto_id=? and a1_0.cancelado=false and a1_0.data_entrada<? and a1_0.data_saida>?
]]></system-out>
    <system-err><![CDATA[Mockito is currently self-attaching to enable the inline-mock-maker. This will no longer work in future releases of the JDK. Please add Mockito as an agent to your build as described in Mockito's documentation: https://javadoc.io/doc/org.mockito/mockito-core/latest/org.mockito/org/mockito/Mockito.html#0.3
WARNING: A Java agent has been loaded dynamically (C:\Users\andre\.m2\repository\net\bytebuddy\byte-buddy-agent\1.17.5\byte-buddy-agent-1.17.5.jar)
WARNING: If a serviceability tool is in use, please run with -XX:+EnableDynamicAgentLoading to hide this warning
WARNING: If a serviceability tool is not in use, please run with -Djdk.instrument.traceUsage for more information
WARNING: Dynamic loading of agents will be disallowed by default in a future release
]]></system-err>
  </testcase>
  <testcase name="aluguelAtivoBloqueiaPeriodoSobreposto" classname="com.hospedagem.test.DisponibilidadeRepositoryTest" time="0.014">
    <system-out><![CDATA[Hibernate: insert into residencias (bairro,cep,email,endereco,numero,telefone,id) values (?,?,?,?,?,?,default)
Hibernate: insert into quartos (possui_ar,possui_hidro,residencia_id,valor_base,num_camas_solteiro,tipo_quarto,id) values (?,?,?,?,?,'INDIVIDUAL',default)
Hibernate: insert into clientes (cpf,email,endereco,nome,telefone,id) values (?,?,?,?,?,default)
Hibernate: insert into alugueis (cancelado,cliente_id,data_entrada,data_saida,num_hospedes,pagamento_id,qtd_diarias,quarto_id,reserva_futura,residencia_id,solicitou_berco,valor_final,id) values (?,?,?,?,?,?,?,?,?,?,?,?,default)
Hibernate: select count(a1_0.id)=0 from alugueis a1_0 where a1_0.quarto_id=? and a1_0.cancelado=false and a1_0.data_entrada<? and a1_0.data_saida>?
]]></system-out>
  </testcase>
</testsuite>